# JRE version: OpenJDK Runtime Environment (8.0_252-b09) (build 1.8.0_252-8u252-b09-1~18.04-b09)
# Java VM: OpenJDK 64-Bit Server VM (25.252-b09 mixed mode linux-amd64 compressed oops)
Heap:
 PSYoungGen      total 504320K, used 190744K [0x00000000d5580000, 0x0000000100000000, 0x0000000100000000)
  eden space 446976K, 29% used [0x00000000d5580000,0x00000000dd814ad8,0x00000000f0a00000)
  from space 57344K, 99% used [0x00000000f0a00000,0x00000000f41b15c0,0x00000000f4200000)
  to   space 126464K, 0% used [0x00000000f8480000,0x00000000f8480000,0x0000000100000000)
 ParOldGen       total 1398272K, used 134054K [0x0000000080000000, 0x00000000d5580000, 0x00000000d5580000)
  object space 1398272K, 9% used [0x0000000080000000,0x00000000882e98e0,0x00000000d5580000)
 Metaspace       used 27547K, capacity 27896K, committed 28160K, reserved 1075200K
  class space    used 3220K, capacity 3315K, committed 3328K, reserved 1048576K
GC Heap History (10 events):
Event: 37.266 GC heap before
{Heap before GC invocations=4 (full 1):
 PSYoungGen      total 611840K, used 587561K [0x00000000d5580000, 0x0000000100000000, 0x0000000100000000)
  eden space 524800K, 100% used [0x00000000d5580000,0x00000000f5600000,0x00000000f5600000)
  from space 87040K, 72% used [0x00000000fab00000,0x00000000fe84a750,0x0000000100000000)
  to   space 87040K, 0% used [0x00000000f5600000,0x00000000f5600000,0x00000000fab00000)
 ParOldGen       total 1398272K, used 50927K [0x0000000080000000, 0x00000000d5580000, 0x00000000d5580000)
  object space 1398272K, 3% used [0x0000000080000000,0x00000000831bbc50,0x00000000d5580000)
 Metaspace       used 24532K, capacity 24902K, committed 25216K, reserved 1071104K
  class space    used 3008K, capacity 3112K, committed 3200K, reserved 1048576K
Event: 37.719 GC heap after
Heap after GC invocations=4 (full 1):
 PSYoungGen      total 611840K, used 84770K [0x00000000d5580000, 0x0000000100000000, 0x0000000100000000)
  eden space 524800K, 0% used [0x00000000d5580000,0x00000000d5580000,0x00000000f5600000)
  from space 87040K, 97% used [0x00000000f5600000,0x00000000fa8c8868,0x00000000fab00000)
  to   space 87040K, 0% used [0x00000000fab00000,0x00000000fab00000,0x0000000100000000)
 ParOldGen       total 1398272K, used 50927K [0x0000000080000000, 0x00000000d5580000, 0x00000000d5580000)
  object space 1398272K, 3% used [0x0000000080000000,0x00000000831bbc50,0x00000000d5580000)
 Metaspace       used 24532K, capacity 24902K, committed 25216K, reserved 1071104K
  class space    used 3008K, capacity 3112K, committed 3200K, reserved 1048576K
}
Event: 44.234 GC heap before
{Heap before GC invocations=5 (full 1):
 PSYoungGen      total 611840K, used 609570K [0x00000000d5580000, 0x0000000100000000, 0x0000000100000000)
  eden space 524800K, 100% used [0x00000000d5580000,0x00000000f5600000,0x00000000f5600000)
  from space 87040K, 97% used [0x00000000f5600000,0x00000000fa8c8868,0x00000000fab00000)
  to   space 87040K, 0% used [0x00000000fab00000,0x00000000fab00000,0x0000000100000000)
 ParOldGen       total 1398272K, used 50927K [0x0000000080000000, 0x00000000d5580000, 0x00000000d5580000)
  object space 1398272K, 3% used [0x0000000080000000,0x00000000831bbc50,0x00000000d5580000)
 Metaspace       used 24800K, capacity 25200K, committed 25472K, reserved 1071104K
  class space    used 3026K, capacity 3147K, committed 3200K, reserved 1048576K
Event: 44.654 GC heap after
Heap after GC invocations=5 (full 1):
 PSYoungGen      total 611840K, used 87024K [0x00000000d5580000, 0x0000000100000000, 0x0000000100000000)
  eden space 524800K, 0% used [0x00000000d5580000,0x00000000d5580000,0x00000000f5600000)
  from space 87040K, 99% used [0x00000000fab00000,0x00000000ffffc3b8,0x0000000100000000)
  to   space 87040K, 0% used [0x00000000f5600000,0x00000000f5600000,0x00000000fab00000)
 ParOldGen       total 1398272K, used 75712K [0x0000000080000000, 0x00000000d5580000, 0x00000000d5580000)
  object space 1398272K, 5% used [0x0000000080000000,0x00000000849f01c0,0x00000000d5580000)
 Metaspace       used 24800K, capacity 25200K, committed 25472K, reserved 1071104K
  class space    used 3026K, capacity 3147K, committed 3200K, reserved 1048576K
}
Event: 50.637 GC heap before
{Heap before GC invocations=6 (full 1):
 PSYoungGen      total 611840K, used 611824K [0x00000000d5580000, 0x0000000100000000, 0x0000000100000000)
  eden space 524800K, 100% used [0x00000000d5580000,0x00000000f5600000,0x00000000f5600000)
  from space 87040K, 99% used [0x00000000fab00000,0x00000000ffffc3b8,0x0000000100000000)
  to   space 87040K, 0% used [0x00000000f5600000,0x00000000f5600000,0x00000000fab00000)
 ParOldGen       total 1398272K, used 75712K [0x0000000080000000, 0x00000000d5580000, 0x00000000d5580000)
  object space 1398272K, 5% used [0x0000000080000000,0x00000000849f01c0,0x00000000d5580000)
 Metaspace       used 25843K, capacity 26184K, committed 26624K, reserved 1073152K
  class space    used 3094K, capacity 3215K, committed 3328K, reserved 1048576K
Event: 51.218 GC heap after
Heap after GC invocations=6 (full 1):
 PSYoungGen      total 611840K, used 87010K [0x00000000d5580000, 0x0000000100000000, 0x0000000100000000)
  eden space 524800K, 0% used [0x00000000d5580000,0x00000000d5580000,0x00000000f5600000)
  from space 87040K, 99% used [0x00000000f5600000,0x00000000faaf88f8,0x00000000fab00000)
  to   space 87040K, 0% used [0x00000000fab00000,0x00000000fab00000,0x0000000100000000)
 ParOldGen       total 1398272K, used 87582K [0x0000000080000000, 0x00000000d5580000, 0x00000000d5580000)
  object space 1398272K, 6% used [0x0000000080000000,0x0000000085587bc8,0x00000000d5580000)
 Metaspace       used 25843K, capacity 26184K, committed 26624K, reserved 1073152K
  class space    used 3094K, capacity 3215K, committed 3328K, reserved 1048576K
}
Event: 55.217 GC heap before
{Heap before GC invocations=7 (full 1):
 PSYoungGen      total 611840K, used 611810K [0x00000000d5580000, 0x0000000100000000, 0x0000000100000000)
  eden space 524800K, 100% used [0x00000000d5580000,0x00000000f5600000,0x00000000f5600000)
  from space 87040K, 99% used [0x00000000f5600000,0x00000000faaf88f8,0x00000000fab00000)
  to   space 87040K, 0% used [0x00000000fab00000,0x00000000fab00000,0x0000000100000000)
 ParOldGen       total 1398272K, used 87582K [0x0000000080000000, 0x00000000d5580000, 0x00000000d5580000)
  object space 1398272K, 6% used [0x0000000080000000,0x0000000085587bc8,0x00000000d5580000)
 Metaspace       used 26265K, capacity 26606K, committed 26880K, reserved 1073152K
  class space    used 3128K, capacity 3248K, committed 3328K, reserved 1048576K
Event: 55.589 GC heap after
Heap after GC invocations=7 (full 1):
 PSYoungGen      total 534016K, used 87009K [0x00000000d5580000, 0x0000000100000000, 0x0000000100000000)
  eden space 446976K, 0% used [0x00000000d5580000,0x00000000d5580000,0x00000000f0a00000)
  from space 87040K, 99% used [0x00000000fab00000,0x00000000ffff87c0,0x0000000100000000)
  to   space 125952K, 0% used [0x00000000f0a00000,0x00000000f0a00000,0x00000000f8500000)
 ParOldGen       total 1398272K, used 95048K [0x0000000080000000, 0x00000000d5580000, 0x00000000d5580000)
  object space 1398272K, 6% used [0x0000000080000000,0x0000000085cd23e0,0x00000000d5580000)
 Metaspace       used 26265K, capacity 26606K, committed 26880K, reserved 1073152K
  class space    used 3128K, capacity 3248K, committed 3328K, reserved 1048576K
}
Event: 58.078 GC heap before
{Heap before GC invocations=8 (full 1):
 PSYoungGen      total 534016K, used 533985K [0x00000000d5580000, 0x0000000100000000, 0x0000000100000000)
  eden space 446976K, 100% used [0x00000000d5580000,0x00000000f0a00000,0x00000000f0a00000)
  from space 87040K, 99% used [0x00000000fab00000,0x00000000ffff87c0,0x0000000100000000)
  to   space 125952K, 0% used [0x00000000f0a00000,0x00000000f0a00000,0x00000000f8500000)
 ParOldGen       total 1398272K, used 95048K [0x0000000080000000, 0x00000000d5580000, 0x00000000d5580000)
  object space 1398272K, 6% used [0x0000000080000000,0x0000000085cd23e0,0x00000000d5580000)
 Metaspace       used 27151K, capacity 27572K, committed 27904K, reserved 1073152K
  class space    used 3193K, capacity 3313K, committed 3328K, reserved 1048576K
Event: 58.607 GC heap after
Heap after GC invocations=8 (full 1):
 PSYoungGen      total 504320K, used 57029K [0x00000000d5580000, 0x0000000100000000, 0x0000000100000000)
  eden space 446976K, 0% used [0x00000000d5580000,0x00000000d5580000,0x00000000f0a00000)
  from space 57344K, 99% used [0x00000000f0a00000,0x00000000f41b15c0,0x00000000f4200000)
  to   space 126464K, 0% used [0x00000000f8480000,0x00000000f8480000,0x0000000100000000)
 ParOldGen       total 1398272K, used 134054K [0x0000000080000000, 0x00000000d5580000, 0x00000000d5580000)
  object space 1398272K, 9% used [0x0000000080000000,0x00000000882e98e0,0x00000000d5580000)
 Metaspace       used 27151K, capacity 27572K, committed 27904K, reserved 1073152K
  class space    used 3193K, capacity 3313K, committed 3328K, reserved 1048576K
}

