# JRE version: OpenJDK Runtime Environment (8.0_252-b09) (build 1.8.0_252-8u252-b09-1~18.04-b09)
# Java VM: OpenJDK 64-Bit Server VM (25.252-b09 mixed mode linux-amd64 compressed oops)
Heap:
 PSYoungGen      total 547840K, used 409740K [0x00000000d5580000, 0x0000000100000000, 0x0000000100000000)
  eden space 417280K, 74% used [0x00000000d5580000,0x00000000e84b2de8,0x00000000eed00000)
  from space 130560K, 76% used [0x00000000f8080000,0x00000000fe170338,0x0000000100000000)
  to   space 140800K, 0% used [0x00000000eed00000,0x00000000eed00000,0x00000000f7680000)
 ParOldGen       total 1398272K, used 258941K [0x0000000080000000, 0x00000000d5580000, 0x00000000d5580000)
  object space 1398272K, 18% used [0x0000000080000000,0x000000008fcdf710,0x00000000d5580000)
 Metaspace       used 86143K, capacity 88194K, committed 88360K, reserved 1124352K
  class space    used 13192K, capacity 13793K, committed 13864K, reserved 1048576K
GC Heap History (10 events):
Event: 129.216 GC heap before
{Heap before GC invocations=27 (full 3):
 PSYoungGen      total 589824K, used 589735K [0x00000000d5580000, 0x0000000100000000, 0x0000000100000000)
  eden space 491008K, 100% used [0x00000000d5580000,0x00000000f3500000,0x00000000f3500000)
  from space 98816K, 99% used [0x00000000f3500000,0x00000000f9569e28,0x00000000f9580000)
  to   space 109056K, 0% used [0x00000000f9580000,0x00000000f9580000,0x0000000100000000)
 ParOldGen       total 1398272K, used 258909K [0x0000000080000000, 0x00000000d5580000, 0x00000000d5580000)
  object space 1398272K, 18% used [0x0000000080000000,0x000000008fcd7710,0x00000000d5580000)
 Metaspace       used 66226K, capacity 67340K, committed 67880K, reserved 1105920K
  class space    used 9986K, capacity 10446K, committed 10536K, reserved 1048576K
Event: 129.394 GC heap after
Heap after GC invocations=27 (full 3):
 PSYoungGen      total 575488K, used 54377K [0x00000000d5580000, 0x0000000100000000, 0x0000000100000000)
  eden space 466432K, 0% used [0x00000000d5580000,0x00000000d5580000,0x00000000f1d00000)
  from space 109056K, 49% used [0x00000000f9580000,0x00000000fca9a720,0x0000000100000000)
  to   space 116224K, 0% used [0x00000000f1d00000,0x00000000f1d00000,0x00000000f8e80000)
 ParOldGen       total 1398272K, used 258917K [0x0000000080000000, 0x00000000d5580000, 0x00000000d5580000)
  object space 1398272K, 18% used [0x0000000080000000,0x000000008fcd9710,0x00000000d5580000)
 Metaspace       used 66226K, capacity 67340K, committed 67880K, reserved 1105920K
  class space    used 9986K, capacity 10446K, committed 10536K, reserved 1048576K
}
Event: 135.575 GC heap before
{Heap before GC invocations=28 (full 3):
 PSYoungGen      total 575488K, used 520809K [0x00000000d5580000, 0x0000000100000000, 0x0000000100000000)
  eden space 466432K, 100% used [0x00000000d5580000,0x00000000f1d00000,0x00000000f1d00000)
  from space 109056K, 49% used [0x00000000f9580000,0x00000000fca9a720,0x0000000100000000)
  to   space 116224K, 0% used [0x00000000f1d00000,0x00000000f1d00000,0x00000000f8e80000)
 ParOldGen       total 1398272K, used 258917K [0x0000000080000000, 0x00000000d5580000, 0x00000000d5580000)
  object space 1398272K, 18% used [0x0000000080000000,0x000000008fcd9710,0x00000000d5580000)
 Metaspace       used 68694K, capacity 69974K, committed 70184K, reserved 1107968K
  class space    used 10272K, capacity 10737K, committed 10792K, reserved 1048576K
Event: 135.793 GC heap after
Heap after GC invocations=28 (full 3):
 PSYoungGen      total 529920K, used 63387K [0x00000000d5580000, 0x0000000100000000, 0x0000000100000000)
  eden space 466432K, 0% used [0x00000000d5580000,0x00000000d5580000,0x00000000f1d00000)
  from space 63488K, 99% used [0x00000000f1d00000,0x00000000f5ae6cf8,0x00000000f5b00000)
  to   space 117248K, 0% used [0x00000000f8d80000,0x00000000f8d80000,0x0000000100000000)
 ParOldGen       total 1398272K, used 258925K [0x0000000080000000, 0x00000000d5580000, 0x00000000d5580000)
  object space 1398272K, 18% used [0x0000000080000000,0x000000008fcdb710,0x00000000d5580000)
 Metaspace       used 68694K, capacity 69974K, committed 70184K, reserved 1107968K
  class space    used 10272K, capacity 10737K, committed 10792K, reserved 1048576K
}
Event: 143.818 GC heap before
{Heap before GC invocations=29 (full 3):
 PSYoungGen      total 529920K, used 529819K [0x00000000d5580000, 0x0000000100000000, 0x0000000100000000)
  eden space 466432K, 100% used [0x00000000d5580000,0x00000000f1d00000,0x00000000f1d00000)
  from space 63488K, 99% used [0x00000000f1d00000,0x00000000f5ae6cf8,0x00000000f5b00000)
  to   space 117248K, 0% used [0x00000000f8d80000,0x00000000f8d80000,0x0000000100000000)
 ParOldGen       total 1398272K, used 258925K [0x0000000080000000, 0x00000000d5580000, 0x00000000d5580000)
  object space 1398272K, 18% used [0x0000000080000000,0x000000008fcdb710,0x00000000d5580000)
 Metaspace       used 75472K, capacity 77056K, committed 77224K, reserved 1114112K
  class space    used 11897K, capacity 12390K, committed 12456K, reserved 1048576K
Event: 144.110 GC heap after
Heap after GC invocations=29 (full 3):
 PSYoungGen      total 571392K, used 77141K [0x00000000d5580000, 0x0000000100000000, 0x0000000100000000)
  eden space 454144K, 0% used [0x00000000d5580000,0x00000000d5580000,0x00000000f1100000)
  from space 117248K, 65% used [0x00000000f8d80000,0x00000000fd8d5618,0x0000000100000000)
  to   space 122368K, 0% used [0x00000000f1100000,0x00000000f1100000,0x00000000f8880000)
 ParOldGen       total 1398272K, used 258933K [0x0000000080000000, 0x00000000d5580000, 0x00000000d5580000)
  object space 1398272K, 18% used [0x0000000080000000,0x000000008fcdd710,0x00000000d5580000)
 Metaspace       used 75472K, capacity 77056K, committed 77224K, reserved 1114112K
  class space    used 11897K, capacity 12390K, committed 12456K, reserved 1048576K
}
Event: 152.200 GC heap before
{Heap before GC invocations=30 (full 3):
 PSYoungGen      total 571392K, used 531285K [0x00000000d5580000, 0x0000000100000000, 0x0000000100000000)
  eden space 454144K, 100% used [0x00000000d5580000,0x00000000f1100000,0x00000000f1100000)
  from space 117248K, 65% used [0x00000000f8d80000,0x00000000fd8d5618,0x0000000100000000)
  to   space 122368K, 0% used [0x00000000f1100000,0x00000000f1100000,0x00000000f8880000)
 ParOldGen       total 1398272K, used 258933K [0x0000000080000000, 0x00000000d5580000, 0x00000000d5580000)
  object space 1398272K, 18% used [0x0000000080000000,0x000000008fcdd710,0x00000000d5580000)
 Metaspace       used 80549K, capacity 82542K, committed 82856K, reserved 1118208K
  class space    used 12533K, capacity 13143K, committed 13224K, reserved 1048576K
Event: 152.492 GC heap after
Heap after GC invocations=30 (full 3):
 PSYoungGen      total 542720K, used 88156K [0x00000000d5580000, 0x0000000100000000, 0x0000000100000000)
  eden space 454144K, 0% used [0x00000000d5580000,0x00000000d5580000,0x00000000f1100000)
  from space 88576K, 99% used [0x00000000f1100000,0x00000000f6717218,0x00000000f6780000)
  to   space 130560K, 0% used [0x00000000f8080000,0x00000000f8080000,0x0000000100000000)
 ParOldGen       total 1398272K, used 258941K [0x0000000080000000, 0x00000000d5580000, 0x00000000d5580000)
  object space 1398272K, 18% used [0x0000000080000000,0x000000008fcdf710,0x00000000d5580000)
 Metaspace       used 80549K, capacity 82542K, committed 82856K, reserved 1118208K
  class space    used 12533K, capacity 13143K, committed 13224K, reserved 1048576K
}
Event: 160.139 GC heap before
{Heap before GC invocations=31 (full 3):
 PSYoungGen      total 542720K, used 542300K [0x00000000d5580000, 0x0000000100000000, 0x0000000100000000)
  eden space 454144K, 100% used [0x00000000d5580000,0x00000000f1100000,0x00000000f1100000)
  from space 88576K, 99% used [0x00000000f1100000,0x00000000f6717218,0x00000000f6780000)
  to   space 130560K, 0% used [0x00000000f8080000,0x00000000f8080000,0x0000000100000000)
 ParOldGen       total 1398272K, used 258941K [0x0000000080000000, 0x00000000d5580000, 0x00000000d5580000)
  object space 1398272K, 18% used [0x0000000080000000,0x000000008fcdf710,0x00000000d5580000)
 Metaspace       used 83749K, capacity 85778K, committed 86056K, reserved 1122304K
  class space    used 12912K, capacity 13527K, committed 13608K, reserved 1048576K
Event: 160.388 GC heap after
Heap after GC invocations=31 (full 3):
 PSYoungGen      total 547840K, used 99264K [0x00000000d5580000, 0x0000000100000000, 0x0000000100000000)
  eden space 417280K, 0% used [0x00000000d5580000,0x00000000d5580000,0x00000000eed00000)
  from space 130560K, 76% used [0x00000000f8080000,0x00000000fe170338,0x0000000100000000)
  to   space 140800K, 0% used [0x00000000eed00000,0x00000000eed00000,0x00000000f7680000)
 ParOldGen       total 1398272K, used 258941K [0x0000000080000000, 0x00000000d5580000, 0x00000000d5580000)
  object space 1398272K, 18% used [0x0000000080000000,0x000000008fcdf710,0x00000000d5580000)
 Metaspace       used 83749K, capacity 85778K, committed 86056K, reserved 1122304K
  class space    used 12912K, capacity 13527K, committed 13608K, reserved 1048576K
}

