# JRE version: OpenJDK Runtime Environment (8.0_252-b09) (build 1.8.0_252-8u252-b09-1~18.04-b09)
# Java VM: OpenJDK 64-Bit Server VM (25.252-b09 mixed mode linux-amd64 compressed oops)
Heap:
 PSYoungGen      total 565248K, used 69152K [0x00000000d5580000, 0x0000000100000000, 0x0000000100000000)
  eden space 439808K, 7% used [0x00000000d5580000,0x00000000d77baae0,0x00000000f0300000)
  from space 125440K, 27% used [0x00000000f8580000,0x00000000fa6cd7c0,0x0000000100000000)
  to   space 129536K, 0% used [0x00000000f0300000,0x00000000f0300000,0x00000000f8180000)
 ParOldGen       total 1398272K, used 164927K [0x0000000080000000, 0x00000000d5580000, 0x00000000d5580000)
  object space 1398272K, 11% used [0x0000000080000000,0x000000008a10fd50,0x00000000d5580000)
 Metaspace       used 28905K, capacity 29380K, committed 29696K, reserved 1075200K
  class space    used 3379K, capacity 3511K, committed 3584K, reserved 1048576K
GC Heap History (10 events):
Event: 44.791 GC heap before
{Heap before GC invocations=5 (full 1):
 PSYoungGen      total 611840K, used 609554K [0x00000000d5580000, 0x0000000100000000, 0x0000000100000000)
  eden space 524800K, 100% used [0x00000000d5580000,0x00000000f5600000,0x00000000f5600000)
  from space 87040K, 97% used [0x00000000f5600000,0x00000000fa8c4ba8,0x00000000fab00000)
  to   space 87040K, 0% used [0x00000000fab00000,0x00000000fab00000,0x0000000100000000)
 ParOldGen       total 1398272K, used 50939K [0x0000000080000000, 0x00000000d5580000, 0x00000000d5580000)
  object space 1398272K, 3% used [0x0000000080000000,0x00000000831bedd8,0x00000000d5580000)
 Metaspace       used 24842K, capacity 25200K, committed 25472K, reserved 1071104K
  class space    used 3028K, capacity 3147K, committed 3200K, reserved 1048576K
Event: 45.375 GC heap after
Heap after GC invocations=5 (full 1):
 PSYoungGen      total 611840K, used 87025K [0x00000000d5580000, 0x0000000100000000, 0x0000000100000000)
  eden space 524800K, 0% used [0x00000000d5580000,0x00000000d5580000,0x00000000f5600000)
  from space 87040K, 99% used [0x00000000fab00000,0x00000000ffffc7e0,0x0000000100000000)
  to   space 87040K, 0% used [0x00000000f5600000,0x00000000f5600000,0x00000000fab00000)
 ParOldGen       total 1398272K, used 75973K [0x0000000080000000, 0x00000000d5580000, 0x00000000d5580000)
  object space 1398272K, 5% used [0x0000000080000000,0x0000000084a316d0,0x00000000d5580000)
 Metaspace       used 24842K, capacity 25200K, committed 25472K, reserved 1071104K
  class space    used 3028K, capacity 3147K, committed 3200K, reserved 1048576K
}
Event: 50.767 GC heap before
{Heap before GC invocations=6 (full 1):
 PSYoungGen      total 611840K, used 611825K [0x00000000d5580000, 0x0000000100000000, 0x0000000100000000)
  eden space 524800K, 100% used [0x00000000d5580000,0x00000000f5600000,0x00000000f5600000)
  from space 87040K, 99% used [0x00000000fab00000,0x00000000ffffc7e0,0x0000000100000000)
  to   space 87040K, 0% used [0x00000000f5600000,0x00000000f5600000,0x00000000fab00000)
 ParOldGen       total 1398272K, used 75973K [0x0000000080000000, 0x00000000d5580000, 0x00000000d5580000)
  object space 1398272K, 5% used [0x0000000080000000,0x0000000084a316d0,0x00000000d5580000)
 Metaspace       used 25866K, capacity 26184K, committed 26624K, reserved 1073152K
  class space    used 3096K, capacity 3215K, committed 3328K, reserved 1048576K
Event: 51.203 GC heap after
Heap after GC invocations=6 (full 1):
 PSYoungGen      total 611840K, used 87033K [0x00000000d5580000, 0x0000000100000000, 0x0000000100000000)
  eden space 524800K, 0% used [0x00000000d5580000,0x00000000d5580000,0x00000000f5600000)
  from space 87040K, 99% used [0x00000000f5600000,0x00000000faafe500,0x00000000fab00000)
  to   space 87040K, 0% used [0x00000000fab00000,0x00000000fab00000,0x0000000100000000)
 ParOldGen       total 1398272K, used 87830K [0x0000000080000000, 0x00000000d5580000, 0x00000000d5580000)
  object space 1398272K, 6% used [0x0000000080000000,0x00000000855c5900,0x00000000d5580000)
 Metaspace       used 25866K, capacity 26184K, committed 26624K, reserved 1073152K
  class space    used 3096K, capacity 3215K, committed 3328K, reserved 1048576K
}
Event: 54.725 GC heap before
{Heap before GC invocations=7 (full 1):
 PSYoungGen      total 611840K, used 611833K [0x00000000d5580000, 0x0000000100000000, 0x0000000100000000)
  eden space 524800K, 100% used [0x00000000d5580000,0x00000000f5600000,0x00000000f5600000)
  from space 87040K, 99% used [0x00000000f5600000,0x00000000faafe500,0x00000000fab00000)
  to   space 87040K, 0% used [0x00000000fab00000,0x00000000fab00000,0x0000000100000000)
 ParOldGen       total 1398272K, used 87830K [0x0000000080000000, 0x00000000d5580000, 0x00000000d5580000)
  object space 1398272K, 6% used [0x0000000080000000,0x00000000855c5900,0x00000000d5580000)
 Metaspace       used 26329K, capacity 26734K, committed 27136K, reserved 1073152K
  class space    used 3139K, capacity 3248K, committed 3328K, reserved 1048576K
Event: 55.071 GC heap after
Heap after GC invocations=7 (full 1):
 PSYoungGen      total 532992K, used 87021K [0x00000000d5580000, 0x0000000100000000, 0x0000000100000000)
  eden space 445952K, 0% used [0x00000000d5580000,0x00000000d5580000,0x00000000f0900000)
  from space 87040K, 99% used [0x00000000fab00000,0x00000000ffffb648,0x0000000100000000)
  to   space 126464K, 0% used [0x00000000f0900000,0x00000000f0900000,0x00000000f8480000)
 ParOldGen       total 1398272K, used 95587K [0x0000000080000000, 0x00000000d5580000, 0x00000000d5580000)
  object space 1398272K, 6% used [0x0000000080000000,0x0000000085d58c58,0x00000000d5580000)
 Metaspace       used 26329K, capacity 26734K, committed 27136K, reserved 1073152K
  class space    used 3139K, capacity 3248K, committed 3328K, reserved 1048576K
}
Event: 57.192 GC heap before
{Heap before GC invocations=8 (full 1):
 PSYoungGen      total 532992K, used 532973K [0x00000000d5580000, 0x0000000100000000, 0x0000000100000000)
  eden space 445952K, 100% used [0x00000000d5580000,0x00000000f0900000,0x00000000f0900000)
  from space 87040K, 99% used [0x00000000fab00000,0x00000000ffffb648,0x0000000100000000)
  to   space 126464K, 0% used [0x00000000f0900000,0x00000000f0900000,0x00000000f8480000)
 ParOldGen       total 1398272K, used 95587K [0x0000000080000000, 0x00000000d5580000, 0x00000000d5580000)
  object space 1398272K, 6% used [0x0000000080000000,0x0000000085d58c58,0x00000000d5580000)
 Metaspace       used 27202K, capacity 27572K, committed 27904K, reserved 1073152K
  class space    used 3198K, capacity 3313K, committed 3328K, reserved 1048576K
Event: 57.716 GC heap after
Heap after GC invocations=8 (full 1):
 PSYoungGen      total 572416K, used 62184K [0x00000000d5580000, 0x0000000100000000, 0x0000000100000000)
  eden space 445952K, 0% used [0x00000000d5580000,0x00000000d5580000,0x00000000f0900000)
  from space 126464K, 49% used [0x00000000f0900000,0x00000000f45ba160,0x00000000f8480000)
  to   space 125440K, 0% used [0x00000000f8580000,0x00000000f8580000,0x0000000100000000)
 ParOldGen       total 1398272K, used 129356K [0x0000000080000000, 0x00000000d5580000, 0x00000000d5580000)
  object space 1398272K, 9% used [0x0000000080000000,0x0000000087e53240,0x00000000d5580000)
 Metaspace       used 27202K, capacity 27572K, committed 27904K, reserved 1073152K
  class space    used 3198K, capacity 3313K, committed 3328K, reserved 1048576K
}
Event: 60.957 GC heap before
{Heap before GC invocations=9 (full 1):
 PSYoungGen      total 572416K, used 508136K [0x00000000d5580000, 0x0000000100000000, 0x0000000100000000)
  eden space 445952K, 100% used [0x00000000d5580000,0x00000000f0900000,0x00000000f0900000)
  from space 126464K, 49% used [0x00000000f0900000,0x00000000f45ba160,0x00000000f8480000)
  to   space 125440K, 0% used [0x00000000f8580000,0x00000000f8580000,0x0000000100000000)
 ParOldGen       total 1398272K, used 129356K [0x0000000080000000, 0x00000000d5580000, 0x00000000d5580000)
  object space 1398272K, 9% used [0x0000000080000000,0x0000000087e53240,0x00000000d5580000)
 Metaspace       used 28905K, capacity 29380K, committed 29696K, reserved 1075200K
  class space    used 3379K, capacity 3511K, committed 3584K, reserved 1048576K
Event: 61.377 GC heap after
Heap after GC invocations=9 (full 1):
 PSYoungGen      total 565248K, used 34101K [0x00000000d5580000, 0x0000000100000000, 0x0000000100000000)
  eden space 439808K, 0% used [0x00000000d5580000,0x00000000d5580000,0x00000000f0300000)
  from space 125440K, 27% used [0x00000000f8580000,0x00000000fa6cd7c0,0x0000000100000000)
  to   space 129536K, 0% used [0x00000000f0300000,0x00000000f0300000,0x00000000f8180000)
 ParOldGen       total 1398272K, used 164927K [0x0000000080000000, 0x00000000d5580000, 0x00000000d5580000)
  object space 1398272K, 11% used [0x0000000080000000,0x000000008a10fd50,0x00000000d5580000)
 Metaspace       used 28905K, capacity 29380K, committed 29696K, reserved 1075200K
  class space    used 3379K, capacity 3511K, committed 3584K, reserved 1048576K
}

